0 info it worked if it ends with ok
1 verbose cli [ '/Users/yukoga/.nodebrew/current/bin/node',
1 verbose cli   '/Users/yukoga/.nodebrew/current/bin/npm',
1 verbose cli   'install' ]
2 info using npm@1.4.28
3 info using node@v0.10.36
4 verbose node symlink /Users/yukoga/.nodebrew/current/bin/node
5 warn package.json TwitterAppSample1@0.0.1 No repository field.
6 verbose readDependencies using package.json deps
7 verbose install where, deps [ '/Users/yukoga/Google Drive/workspace/heroku/twittersample1',
7 verbose install   [ 'twitter-js-client',
7 verbose install     'ect',
7 verbose install     'express.io',
7 verbose install     'glob',
7 verbose install     'path',
7 verbose install     'minimist',
7 verbose install     'gulp',
7 verbose install     'gulp-gh-pages',
7 verbose install     'gulp-livereload',
7 verbose install     'gulp-node-debug',
7 verbose install     'gulp-nodemon',
7 verbose install     'gulp-ph-pages' ] ]
8 info preinstall TwitterAppSample1@0.0.1
9 warn package.json path@0.11.14 path is also the name of a node core module.
10 verbose readDependencies using package.json deps
11 verbose already installed skipping glob@^4.3.5 /Users/yukoga/Google Drive/workspace/heroku/twittersample1
12 verbose already installed skipping path@^0.11.14 /Users/yukoga/Google Drive/workspace/heroku/twittersample1
13 verbose already installed skipping minimist@~1.1.1 /Users/yukoga/Google Drive/workspace/heroku/twittersample1
14 verbose already installed skipping gulp@^3.8.11 /Users/yukoga/Google Drive/workspace/heroku/twittersample1
15 verbose already installed skipping gulp-gh-pages@^0.5.1 /Users/yukoga/Google Drive/workspace/heroku/twittersample1
16 verbose already installed skipping gulp-livereload@^3.8.0 /Users/yukoga/Google Drive/workspace/heroku/twittersample1
17 verbose already installed skipping gulp-node-debug@0.0.2 /Users/yukoga/Google Drive/workspace/heroku/twittersample1
18 verbose already installed skipping gulp-nodemon@^2.0.2 /Users/yukoga/Google Drive/workspace/heroku/twittersample1
19 verbose cache add [ 'gulp-ph-pages@0.5.1', null ]
20 verbose cache add name=undefined spec="gulp-ph-pages@0.5.1" args=["gulp-ph-pages@0.5.1",null]
21 verbose parsed url { protocol: null,
21 verbose parsed url   slashes: null,
21 verbose parsed url   auth: null,
21 verbose parsed url   host: null,
21 verbose parsed url   port: null,
21 verbose parsed url   hostname: null,
21 verbose parsed url   hash: null,
21 verbose parsed url   search: null,
21 verbose parsed url   query: null,
21 verbose parsed url   pathname: 'gulp-ph-pages@0.5.1',
21 verbose parsed url   path: 'gulp-ph-pages@0.5.1',
21 verbose parsed url   href: 'gulp-ph-pages@0.5.1' }
22 verbose cache add [ 'twitter-js-client@git://github.com/BoyCook/TwitterJSClient.git',
22 verbose cache add   null ]
23 verbose cache add name=undefined spec="twitter-js-client@git://github.com/BoyCook/TwitterJSClient.git" args=["twitter-js-client@git://github.com/BoyCook/TwitterJSClient.git",null]
24 verbose parsed url { protocol: null,
24 verbose parsed url   slashes: null,
24 verbose parsed url   auth: null,
24 verbose parsed url   host: null,
24 verbose parsed url   port: null,
24 verbose parsed url   hostname: null,
24 verbose parsed url   hash: null,
24 verbose parsed url   search: null,
24 verbose parsed url   query: null,
24 verbose parsed url   pathname: 'twitter-js-client@git://github.com/BoyCook/TwitterJSClient.git',
24 verbose parsed url   path: 'twitter-js-client@git://github.com/BoyCook/TwitterJSClient.git',
24 verbose parsed url   href: 'twitter-js-client@git://github.com/BoyCook/TwitterJSClient.git' }
25 verbose cache add name="gulp-ph-pages" spec="0.5.1" args=["gulp-ph-pages","0.5.1"]
26 verbose parsed url { protocol: null,
26 verbose parsed url   slashes: null,
26 verbose parsed url   auth: null,
26 verbose parsed url   host: null,
26 verbose parsed url   port: null,
26 verbose parsed url   hostname: null,
26 verbose parsed url   hash: null,
26 verbose parsed url   search: null,
26 verbose parsed url   query: null,
26 verbose parsed url   pathname: '0.5.1',
26 verbose parsed url   path: '0.5.1',
26 verbose parsed url   href: '0.5.1' }
27 verbose addNamed [ 'gulp-ph-pages', '0.5.1' ]
28 verbose addNamed [ '0.5.1', '0.5.1' ]
29 verbose already installed skipping ect@^0.5.9 /Users/yukoga/Google Drive/workspace/heroku/twittersample1
30 verbose cache add name="twitter-js-client" spec="git://github.com/BoyCook/TwitterJSClient.git" args=["twitter-js-client","git://github.com/BoyCook/TwitterJSClient.git"]
31 verbose parsed url { protocol: 'git:',
31 verbose parsed url   slashes: true,
31 verbose parsed url   auth: null,
31 verbose parsed url   host: 'github.com',
31 verbose parsed url   port: null,
31 verbose parsed url   hostname: 'github.com',
31 verbose parsed url   hash: null,
31 verbose parsed url   search: null,
31 verbose parsed url   query: null,
31 verbose parsed url   pathname: '/BoyCook/TwitterJSClient.git',
31 verbose parsed url   path: '/BoyCook/TwitterJSClient.git',
31 verbose parsed url   href: 'git://github.com/BoyCook/TwitterJSClient.git' }
32 silly lockFile a25df712-gulp-ph-pages-0-5-1 gulp-ph-pages@0.5.1
33 verbose lock gulp-ph-pages@0.5.1 /Users/yukoga/.npm/a25df712-gulp-ph-pages-0-5-1.lock
34 silly lockFile b841eca0--com-BoyCook-TwitterJSClient-git git://github.com/BoyCook/TwitterJSClient.git
35 verbose lock git://github.com/BoyCook/TwitterJSClient.git /Users/yukoga/.npm/b841eca0--com-BoyCook-TwitterJSClient-git.lock
36 verbose already installed skipping express.io@^1.1.13 /Users/yukoga/Google Drive/workspace/heroku/twittersample1
37 verbose addRemoteGit [ 'git://github.com/BoyCook/TwitterJSClient.git', 'master' ]
38 verbose request where is /gulp-ph-pages
39 verbose request registry https://registry.npmjs.org/
40 verbose request id ff95e97ca6135e0d
41 verbose url raw /gulp-ph-pages
42 verbose url resolving [ 'https://registry.npmjs.org/', './gulp-ph-pages' ]
43 verbose url resolved https://registry.npmjs.org/gulp-ph-pages
44 verbose request where is https://registry.npmjs.org/gulp-ph-pages
45 info trying registry request attempt 1 at 02:17:19
46 http GET https://registry.npmjs.org/gulp-ph-pages
47 verbose git remote.origin.url git://github.com/BoyCook/TwitterJSClient.git
48 http 404 https://registry.npmjs.org/gulp-ph-pages
49 verbose headers { date: 'Tue, 21 Apr 2015 17:17:16 GMT',
49 verbose headers   server: 'CouchDB/1.5.0 (Erlang OTP/R16B03)',
49 verbose headers   'content-type': 'application/json',
49 verbose headers   'cache-control': 'max-age=0',
49 verbose headers   'content-length': '51',
49 verbose headers   'accept-ranges': 'bytes',
49 verbose headers   via: '1.1 varnish',
49 verbose headers   age: '0',
49 verbose headers   'x-served-by': 'cache-nrt6122-NRT',
49 verbose headers   'x-cache': 'MISS',
49 verbose headers   'x-cache-hits': '0',
49 verbose headers   'x-timer': 'S1429636636.536026,VS0,VE108',
49 verbose headers   'keep-alive': 'timeout=10, max=50',
49 verbose headers   connection: 'Keep-Alive' }
50 silly registry.get cb [ 404,
50 silly registry.get   { date: 'Tue, 21 Apr 2015 17:17:16 GMT',
50 silly registry.get     server: 'CouchDB/1.5.0 (Erlang OTP/R16B03)',
50 silly registry.get     'content-type': 'application/json',
50 silly registry.get     'cache-control': 'max-age=0',
50 silly registry.get     'content-length': '51',
50 silly registry.get     'accept-ranges': 'bytes',
50 silly registry.get     via: '1.1 varnish',
50 silly registry.get     age: '0',
50 silly registry.get     'x-served-by': 'cache-nrt6122-NRT',
50 silly registry.get     'x-cache': 'MISS',
50 silly registry.get     'x-cache-hits': '0',
50 silly registry.get     'x-timer': 'S1429636636.536026,VS0,VE108',
50 silly registry.get     'keep-alive': 'timeout=10, max=50',
50 silly registry.get     connection: 'Keep-Alive' } ]
51 silly lockFile a25df712-gulp-ph-pages-0-5-1 gulp-ph-pages@0.5.1
52 silly lockFile a25df712-gulp-ph-pages-0-5-1 gulp-ph-pages@0.5.1
53 verbose git fetch -a origin (git://github.com/BoyCook/TwitterJSClient.git)
54 verbose git rev-list -n1 master 961ab037b5c685c95932979e7dc4149abf0fc1ff
55 verbose resolved git url git://github.com/BoyCook/TwitterJSClient.git#961ab037b5c685c95932979e7dc4149abf0fc1ff
56 verbose tar unpack /var/folders/00/1qr20000h01000cxqpysvccm006z08/T/npm-13869-ypLr0jVs/1429636640345-0.130079900380224/tmp.tgz
57 silly lockFile f58aaee2-0-130079900380224-tmp-tgz-unpack tar:///var/folders/00/1qr20000h01000cxqpysvccm006z08/T/npm-13869-ypLr0jVs/1429636640345-0.130079900380224/tmp.tgz-unpack
58 verbose lock tar:///var/folders/00/1qr20000h01000cxqpysvccm006z08/T/npm-13869-ypLr0jVs/1429636640345-0.130079900380224/tmp.tgz-unpack /Users/yukoga/.npm/f58aaee2-0-130079900380224-tmp-tgz-unpack.lock
59 silly lockFile 38a16c04-640345-0-130079900380224-tmp-tgz tar:///var/folders/00/1qr20000h01000cxqpysvccm006z08/T/npm-13869-ypLr0jVs/1429636640345-0.130079900380224/tmp.tgz
60 verbose lock tar:///var/folders/00/1qr20000h01000cxqpysvccm006z08/T/npm-13869-ypLr0jVs/1429636640345-0.130079900380224/tmp.tgz /Users/yukoga/.npm/38a16c04-640345-0-130079900380224-tmp-tgz.lock
61 silly gunzTarPerm modes [ '755', '644' ]
62 silly gunzTarPerm extractEntry
63 silly gunzTarPerm modified mode [ '', 509, 493 ]
64 silly gunzTarPerm extractEntry .npmignore
65 silly gunzTarPerm modified mode [ '.npmignore', 436, 420 ]
66 silly gunzTarPerm extractEntry LICENCE
67 silly gunzTarPerm modified mode [ 'LICENCE', 436, 420 ]
68 silly gunzTarPerm extractEntry Makefile
69 silly gunzTarPerm modified mode [ 'Makefile', 436, 420 ]
70 silly gunzTarPerm extractEntry README.md
71 silly gunzTarPerm modified mode [ 'README.md', 436, 420 ]
72 silly gunzTarPerm extractEntry index.js
73 silly gunzTarPerm modified mode [ 'index.js', 436, 420 ]
74 silly gunzTarPerm extractEntry lib/
75 silly gunzTarPerm modified mode [ 'lib/', 509, 493 ]
76 silly gunzTarPerm extractEntry lib/Twitter.js
77 silly gunzTarPerm modified mode [ 'lib/Twitter.js', 436, 420 ]
78 silly gunzTarPerm extractEntry node_modules/
79 silly gunzTarPerm modified mode [ 'node_modules/', 509, 493 ]
80 silly gunzTarPerm extractEntry node_modules/.bin/
81 silly gunzTarPerm modified mode [ 'node_modules/.bin/', 509, 493 ]
82 silly gunzTarPerm extractEntry node_modules/.bin/jasmine-node
83 silly gunzTarPerm modified mode [ 'node_modules/.bin/jasmine-node', 511, 493 ]
84 silly gunzTarPerm extractEntry node_modules/jasmine-node/
85 silly gunzTarPerm modified mode [ 'node_modules/jasmine-node/', 509, 493 ]
86 silly gunzTarPerm extractEntry node_modules/jasmine-node/.npmignore
87 silly gunzTarPerm modified mode [ 'node_modules/jasmine-node/.npmignore', 509, 493 ]
88 silly gunzTarPerm extractEntry node_modules/jasmine-node/.travis.yml
89 silly gunzTarPerm modified mode [ 'node_modules/jasmine-node/.travis.yml', 436, 420 ]
90 silly gunzTarPerm extractEntry node_modules/jasmine-node/LICENSE
91 silly gunzTarPerm modified mode [ 'node_modules/jasmine-node/LICENSE', 509, 493 ]
92 silly gunzTarPerm extractEntry node_modules/jasmine-node/README.md
93 silly gunzTarPerm modified mode [ 'node_modules/jasmine-node/README.md', 436, 420 ]
94 silly gunzTarPerm extractEntry node_modules/jasmine-node/bin/
95 silly gunzTarPerm modified mode [ 'node_modules/jasmine-node/bin/', 509, 493 ]
96 silly gunzTarPerm extractEntry node_modules/jasmine-node/bin/jasmine-node
97 silly gunzTarPerm modified mode [ 'node_modules/jasmine-node/bin/jasmine-node', 509, 493 ]
98 silly gunzTarPerm extractEntry node_modules/jasmine-node/lib/
99 silly gunzTarPerm modified mode [ 'node_modules/jasmine-node/lib/', 509, 493 ]
100 silly gunzTarPerm extractEntry node_modules/jasmine-node/lib/jasmine-node/
101 silly gunzTarPerm modified mode [ 'node_modules/jasmine-node/lib/jasmine-node/', 509, 493 ]
102 silly gunzTarPerm extractEntry node_modules/jasmine-node/lib/jasmine-node/async-callback.js
103 silly gunzTarPerm modified mode [ 'node_modules/jasmine-node/lib/jasmine-node/async-callback.js',
103 silly gunzTarPerm   436,
103 silly gunzTarPerm   420 ]
104 silly gunzTarPerm extractEntry node_modules/jasmine-node/lib/jasmine-node/autotest.js
105 silly gunzTarPerm modified mode [ 'node_modules/jasmine-node/lib/jasmine-node/autotest.js',
105 silly gunzTarPerm   436,
105 silly gunzTarPerm   420 ]
106 silly gunzTarPerm extractEntry node_modules/jasmine-node/lib/jasmine-node/cli.js
107 silly gunzTarPerm modified mode [ 'node_modules/jasmine-node/lib/jasmine-node/cli.js', 509, 493 ]
108 silly gunzTarPerm extractEntry node_modules/jasmine-node/lib/jasmine-node/index.js
109 silly gunzTarPerm modified mode [ 'node_modules/jasmine-node/lib/jasmine-node/index.js',
109 silly gunzTarPerm   509,
109 silly gunzTarPerm   493 ]
110 silly gunzTarPerm extractEntry node_modules/jasmine-node/lib/jasmine-node/jasmine-2.0.0.rc1.js
111 silly gunzTarPerm modified mode [ 'node_modules/jasmine-node/lib/jasmine-node/jasmine-2.0.0.rc1.js',
111 silly gunzTarPerm   436,
111 silly gunzTarPerm   420 ]
112 silly gunzTarPerm extractEntry node_modules/jasmine-node/lib/jasmine-node/reporter.js
113 silly gunzTarPerm modified mode [ 'node_modules/jasmine-node/lib/jasmine-node/reporter.js',
113 silly gunzTarPerm   509,
113 silly gunzTarPerm   493 ]
114 warn excluding symbolic link node_modules/.bin/jasmine-node -> ../jasmine-node/bin/jasmine-node
115 silly gunzTarPerm extractEntry node_modules/jasmine-node/lib/jasmine-node/requirejs-runner.js
116 silly gunzTarPerm modified mode [ 'node_modules/jasmine-node/lib/jasmine-node/requirejs-runner.js',
116 silly gunzTarPerm   436,
116 silly gunzTarPerm   420 ]
117 silly gunzTarPerm extractEntry node_modules/jasmine-node/lib/jasmine-node/requirejs-spec-loader.js
118 silly gunzTarPerm modified mode [ 'node_modules/jasmine-node/lib/jasmine-node/requirejs-spec-loader.js',
118 silly gunzTarPerm   436,
118 silly gunzTarPerm   420 ]
119 silly gunzTarPerm extractEntry node_modules/jasmine-node/lib/jasmine-node/requirejs-wrapper-template.js
120 silly gunzTarPerm modified mode [ 'node_modules/jasmine-node/lib/jasmine-node/requirejs-wrapper-template.js',
120 silly gunzTarPerm   436,
120 silly gunzTarPerm   420 ]
121 silly gunzTarPerm extractEntry node_modules/jasmine-node/lib/jasmine-node/spec-collection.js
122 silly gunzTarPerm modified mode [ 'node_modules/jasmine-node/lib/jasmine-node/spec-collection.js',
122 silly gunzTarPerm   436,
122 silly gunzTarPerm   420 ]
123 silly gunzTarPerm extractEntry node_modules/jasmine-node/node_modules/
124 silly gunzTarPerm modified mode [ 'node_modules/jasmine-node/node_modules/', 509, 493 ]
125 silly gunzTarPerm extractEntry node_modules/jasmine-node/node_modules/.bin/
126 silly gunzTarPerm modified mode [ 'node_modules/jasmine-node/node_modules/.bin/', 509, 493 ]
127 silly gunzTarPerm extractEntry node_modules/jasmine-node/node_modules/.bin/cake
128 silly gunzTarPerm modified mode [ 'node_modules/jasmine-node/node_modules/.bin/cake', 511, 493 ]
129 silly gunzTarPerm extractEntry node_modules/jasmine-node/node_modules/.bin/coffee
130 silly gunzTarPerm modified mode [ 'node_modules/jasmine-node/node_modules/.bin/coffee',
130 silly gunzTarPerm   511,
130 silly gunzTarPerm   493 ]
131 silly gunzTarPerm extractEntry node_modules/jasmine-node/node_modules/.bin/r.js
132 silly gunzTarPerm modified mode [ 'node_modules/jasmine-node/node_modules/.bin/r.js', 511, 493 ]
133 silly gunzTarPerm extractEntry node_modules/jasmine-node/node_modules/coffee-script/
134 silly gunzTarPerm modified mode [ 'node_modules/jasmine-node/node_modules/coffee-script/',
134 silly gunzTarPerm   509,
134 silly gunzTarPerm   493 ]
135 silly gunzTarPerm extractEntry node_modules/jasmine-node/node_modules/coffee-script/.npmignore
136 silly gunzTarPerm modified mode [ 'node_modules/jasmine-node/node_modules/coffee-script/.npmignore',
136 silly gunzTarPerm   436,
136 silly gunzTarPerm   420 ]
137 silly gunzTarPerm extractEntry node_modules/jasmine-node/node_modules/coffee-script/CNAME
138 silly gunzTarPerm modified mode [ 'node_modules/jasmine-node/node_modules/coffee-script/CNAME',
138 silly gunzTarPerm   436,
138 silly gunzTarPerm   420 ]
139 silly gunzTarPerm extractEntry node_modules/jasmine-node/node_modules/coffee-script/CONTRIBUTING.md
140 silly gunzTarPerm modified mode [ 'node_modules/jasmine-node/node_modules/coffee-script/CONTRIBUTING.md',
140 silly gunzTarPerm   436,
140 silly gunzTarPerm   420 ]
141 silly gunzTarPerm extractEntry node_modules/jasmine-node/node_modules/coffee-script/LICENSE
142 silly gunzTarPerm modified mode [ 'node_modules/jasmine-node/node_modules/coffee-script/LICENSE',
142 silly gunzTarPerm   436,
142 silly gunzTarPerm   420 ]
143 silly gunzTarPerm extractEntry node_modules/jasmine-node/node_modules/coffee-script/README
144 silly gunzTarPerm modified mode [ 'node_modules/jasmine-node/node_modules/coffee-script/README',
144 silly gunzTarPerm   436,
144 silly gunzTarPerm   420 ]
145 silly gunzTarPerm extractEntry node_modules/jasmine-node/node_modules/coffee-script/Rakefile
146 silly gunzTarPerm modified mode [ 'node_modules/jasmine-node/node_modules/coffee-script/Rakefile',
146 silly gunzTarPerm   436,
146 silly gunzTarPerm   420 ]
147 silly gunzTarPerm extractEntry node_modules/jasmine-node/node_modules/coffee-script/bin/
148 silly gunzTarPerm modified mode [ 'node_modules/jasmine-node/node_modules/coffee-script/bin/',
148 silly gunzTarPerm   509,
148 silly gunzTarPerm   493 ]
149 silly gunzTarPerm extractEntry node_modules/jasmine-node/node_modules/coffee-script/bin/cake
150 silly gunzTarPerm modified mode [ 'node_modules/jasmine-node/node_modules/coffee-script/bin/cake',
150 silly gunzTarPerm   509,
150 silly gunzTarPerm   493 ]
151 silly gunzTarPerm extractEntry node_modules/jasmine-node/node_modules/coffee-script/bin/coffee
152 silly gunzTarPerm modified mode [ 'node_modules/jasmine-node/node_modules/coffee-script/bin/coffee',
152 silly gunzTarPerm   509,
152 silly gunzTarPerm   493 ]
153 silly gunzTarPerm extractEntry node_modules/jasmine-node/node_modules/coffee-script/extras/
154 silly gunzTarPerm modified mode [ 'node_modules/jasmine-node/node_modules/coffee-script/extras/',
154 silly gunzTarPerm   509,
154 silly gunzTarPerm   493 ]
155 silly gunzTarPerm extractEntry node_modules/jasmine-node/node_modules/coffee-script/extras/jsl.conf
156 silly gunzTarPerm modified mode [ 'node_modules/jasmine-node/node_modules/coffee-script/extras/jsl.conf',
156 silly gunzTarPerm   436,
156 silly gunzTarPerm   420 ]
157 silly gunzTarPerm extractEntry node_modules/jasmine-node/node_modules/coffee-script/lib/
158 silly gunzTarPerm modified mode [ 'node_modules/jasmine-node/node_modules/coffee-script/lib/',
158 silly gunzTarPerm   509,
158 silly gunzTarPerm   493 ]
159 silly gunzTarPerm extractEntry node_modules/jasmine-node/node_modules/coffee-script/lib/coffee-script/
160 silly gunzTarPerm modified mode [ 'node_modules/jasmine-node/node_modules/coffee-script/lib/coffee-script/',
160 silly gunzTarPerm   509,
160 silly gunzTarPerm   493 ]
161 silly gunzTarPerm extractEntry node_modules/jasmine-node/node_modules/coffee-script/lib/coffee-script/browser.js
162 silly gunzTarPerm modified mode [ 'node_modules/jasmine-node/node_modules/coffee-script/lib/coffee-script/browser.js',
162 silly gunzTarPerm   436,
162 silly gunzTarPerm   420 ]
163 silly gunzTarPerm extractEntry node_modules/jasmine-node/node_modules/coffee-script/lib/coffee-script/cake.js
164 silly gunzTarPerm modified mode [ 'node_modules/jasmine-node/node_modules/coffee-script/lib/coffee-script/cake.js',
164 silly gunzTarPerm   436,
164 silly gunzTarPerm   420 ]
165 silly gunzTarPerm extractEntry node_modules/jasmine-node/node_modules/coffee-script/lib/coffee-script/coffee-script.js
166 silly gunzTarPerm modified mode [ 'node_modules/jasmine-node/node_modules/coffee-script/lib/coffee-script/coffee-script.js',
166 silly gunzTarPerm   436,
166 silly gunzTarPerm   420 ]
167 silly gunzTarPerm extractEntry node_modules/jasmine-node/node_modules/coffee-script/lib/coffee-script/command.js
168 silly gunzTarPerm modified mode [ 'node_modules/jasmine-node/node_modules/coffee-script/lib/coffee-script/command.js',
168 silly gunzTarPerm   436,
168 silly gunzTarPerm   420 ]
169 silly gunzTarPerm extractEntry node_modules/jasmine-node/node_modules/coffee-script/lib/coffee-script/grammar.js
170 silly gunzTarPerm modified mode [ 'node_modules/jasmine-node/node_modules/coffee-script/lib/coffee-script/grammar.js',
170 silly gunzTarPerm   436,
170 silly gunzTarPerm   420 ]
171 silly gunzTarPerm extractEntry node_modules/jasmine-node/node_modules/coffee-script/lib/coffee-script/helpers.js
172 silly gunzTarPerm modified mode [ 'node_modules/jasmine-node/node_modules/coffee-script/lib/coffee-script/helpers.js',
172 silly gunzTarPerm   436,
172 silly gunzTarPerm   420 ]
173 silly gunzTarPerm extractEntry node_modules/jasmine-node/node_modules/coffee-script/lib/coffee-script/index.js
174 silly gunzTarPerm modified mode [ 'node_modules/jasmine-node/node_modules/coffee-script/lib/coffee-script/index.js',
174 silly gunzTarPerm   436,
174 silly gunzTarPerm   420 ]
175 silly gunzTarPerm extractEntry node_modules/jasmine-node/node_modules/coffee-script/lib/coffee-script/lexer.js
176 silly gunzTarPerm modified mode [ 'node_modules/jasmine-node/node_modules/coffee-script/lib/coffee-script/lexer.js',
176 silly gunzTarPerm   436,
176 silly gunzTarPerm   420 ]
177 silly gunzTarPerm extractEntry node_modules/jasmine-node/node_modules/coffee-script/lib/coffee-script/nodes.js
178 silly gunzTarPerm modified mode [ 'node_modules/jasmine-node/node_modules/coffee-script/lib/coffee-script/nodes.js',
178 silly gunzTarPerm   436,
178 silly gunzTarPerm   420 ]
179 silly gunzTarPerm extractEntry node_modules/jasmine-node/node_modules/coffee-script/lib/coffee-script/optparse.js
180 silly gunzTarPerm modified mode [ 'node_modules/jasmine-node/node_modules/coffee-script/lib/coffee-script/optparse.js',
180 silly gunzTarPerm   436,
180 silly gunzTarPerm   420 ]
181 silly gunzTarPerm extractEntry node_modules/jasmine-node/node_modules/coffee-script/lib/coffee-script/parser.js
182 silly gunzTarPerm modified mode [ 'node_modules/jasmine-node/node_modules/coffee-script/lib/coffee-script/parser.js',
182 silly gunzTarPerm   509,
182 silly gunzTarPerm   493 ]
183 silly gunzTarPerm extractEntry node_modules/jasmine-node/node_modules/coffee-script/lib/coffee-script/repl.js
184 silly gunzTarPerm modified mode [ 'node_modules/jasmine-node/node_modules/coffee-script/lib/coffee-script/repl.js',
184 silly gunzTarPerm   436,
184 silly gunzTarPerm   420 ]
185 silly gunzTarPerm extractEntry node_modules/jasmine-node/node_modules/coffee-script/lib/coffee-script/rewriter.js
186 silly gunzTarPerm modified mode [ 'node_modules/jasmine-node/node_modules/coffee-script/lib/coffee-script/rewriter.js',
186 silly gunzTarPerm   436,
186 silly gunzTarPerm   420 ]
187 silly gunzTarPerm extractEntry node_modules/jasmine-node/node_modules/coffee-script/lib/coffee-script/scope.js
188 silly gunzTarPerm modified mode [ 'node_modules/jasmine-node/node_modules/coffee-script/lib/coffee-script/scope.js',
188 silly gunzTarPerm   436,
188 silly gunzTarPerm   420 ]
189 silly gunzTarPerm extractEntry node_modules/jasmine-node/node_modules/coffee-script/package.json
190 silly gunzTarPerm modified mode [ 'node_modules/jasmine-node/node_modules/coffee-script/package.json',
190 silly gunzTarPerm   436,
190 silly gunzTarPerm   420 ]
191 silly gunzTarPerm extractEntry node_modules/jasmine-node/node_modules/jasmine-reporters/
192 silly gunzTarPerm modified mode [ 'node_modules/jasmine-node/node_modules/jasmine-reporters/',
192 silly gunzTarPerm   509,
192 silly gunzTarPerm   493 ]
193 silly gunzTarPerm extractEntry node_modules/jasmine-node/node_modules/jasmine-reporters/.npmignore
194 silly gunzTarPerm modified mode [ 'node_modules/jasmine-node/node_modules/jasmine-reporters/.npmignore',
194 silly gunzTarPerm   436,
194 silly gunzTarPerm   420 ]
195 silly gunzTarPerm extractEntry node_modules/jasmine-node/node_modules/jasmine-reporters/LICENSE
196 silly gunzTarPerm modified mode [ 'node_modules/jasmine-node/node_modules/jasmine-reporters/LICENSE',
196 silly gunzTarPerm   436,
196 silly gunzTarPerm   420 ]
197 silly gunzTarPerm extractEntry node_modules/jasmine-node/node_modules/jasmine-reporters/README.markdown
198 silly gunzTarPerm modified mode [ 'node_modules/jasmine-node/node_modules/jasmine-reporters/README.markdown',
198 silly gunzTarPerm   436,
198 silly gunzTarPerm   420 ]
199 silly gunzTarPerm extractEntry node_modules/jasmine-node/node_modules/jasmine-reporters/ext/
200 silly gunzTarPerm modified mode [ 'node_modules/jasmine-node/node_modules/jasmine-reporters/ext/',
200 silly gunzTarPerm   509,
200 silly gunzTarPerm   493 ]
201 silly gunzTarPerm extractEntry node_modules/jasmine-node/node_modules/jasmine-reporters/ext/env.rhino.1.2.js
202 silly gunzTarPerm modified mode [ 'node_modules/jasmine-node/node_modules/jasmine-reporters/ext/env.rhino.1.2.js',
202 silly gunzTarPerm   436,
202 silly gunzTarPerm   420 ]
203 warn excluding symbolic link node_modules/jasmine-node/node_modules/.bin/cake -> ../coffee-script/bin/cake
204 warn excluding symbolic link node_modules/jasmine-node/node_modules/.bin/coffee -> ../coffee-script/bin/coffee
205 warn excluding symbolic link node_modules/jasmine-node/node_modules/.bin/r.js -> ../requirejs/bin/r.js
206 silly gunzTarPerm extractEntry node_modules/jasmine-node/node_modules/jasmine-reporters/ext/jasmine-html.js
207 silly gunzTarPerm modified mode [ 'node_modules/jasmine-node/node_modules/jasmine-reporters/ext/jasmine-html.js',
207 silly gunzTarPerm   436,
207 silly gunzTarPerm   420 ]
208 silly gunzTarPerm extractEntry node_modules/jasmine-node/node_modules/jasmine-reporters/ext/jasmine.css
209 silly gunzTarPerm modified mode [ 'node_modules/jasmine-node/node_modules/jasmine-reporters/ext/jasmine.css',
209 silly gunzTarPerm   436,
209 silly gunzTarPerm   420 ]
210 silly gunzTarPerm extractEntry node_modules/jasmine-node/node_modules/jasmine-reporters/ext/jasmine.js
211 silly gunzTarPerm modified mode [ 'node_modules/jasmine-node/node_modules/jasmine-reporters/ext/jasmine.js',
211 silly gunzTarPerm   436,
211 silly gunzTarPerm   420 ]
212 silly gunzTarPerm extractEntry node_modules/jasmine-node/node_modules/jasmine-reporters/package.json
213 silly gunzTarPerm modified mode [ 'node_modules/jasmine-node/node_modules/jasmine-reporters/package.json',
213 silly gunzTarPerm   436,
213 silly gunzTarPerm   420 ]
214 silly gunzTarPerm extractEntry node_modules/jasmine-node/node_modules/jasmine-reporters/src/
215 silly gunzTarPerm modified mode [ 'node_modules/jasmine-node/node_modules/jasmine-reporters/src/',
215 silly gunzTarPerm   509,
215 silly gunzTarPerm   493 ]
216 silly gunzTarPerm extractEntry node_modules/jasmine-node/node_modules/jasmine-reporters/src/jasmine.console_reporter.js
217 silly gunzTarPerm modified mode [ 'node_modules/jasmine-node/node_modules/jasmine-reporters/src/jasmine.console_reporter.js',
217 silly gunzTarPerm   436,
217 silly gunzTarPerm   420 ]
218 silly gunzTarPerm extractEntry node_modules/jasmine-node/node_modules/jasmine-reporters/src/jasmine.junit_reporter.js
219 silly gunzTarPerm modified mode [ 'node_modules/jasmine-node/node_modules/jasmine-reporters/src/jasmine.junit_reporter.js',
219 silly gunzTarPerm   436,
219 silly gunzTarPerm   420 ]
220 silly gunzTarPerm extractEntry node_modules/jasmine-node/node_modules/jasmine-reporters/src/jasmine.teamcity_reporter.js
221 silly gunzTarPerm modified mode [ 'node_modules/jasmine-node/node_modules/jasmine-reporters/src/jasmine.teamcity_reporter.js',
221 silly gunzTarPerm   436,
221 silly gunzTarPerm   420 ]
222 silly gunzTarPerm extractEntry node_modules/jasmine-node/node_modules/jasmine-reporters/src/load_reporters.js
223 silly gunzTarPerm modified mode [ 'node_modules/jasmine-node/node_modules/jasmine-reporters/src/load_reporters.js',
223 silly gunzTarPerm   436,
223 silly gunzTarPerm   420 ]
224 silly gunzTarPerm extractEntry node_modules/jasmine-node/node_modules/jasmine-reporters/test/
225 silly gunzTarPerm modified mode [ 'node_modules/jasmine-node/node_modules/jasmine-reporters/test/',
225 silly gunzTarPerm   509,
225 silly gunzTarPerm   493 ]
226 silly gunzTarPerm extractEntry node_modules/jasmine-node/node_modules/jasmine-reporters/test/JUnitXmlReporterSpec.js
227 silly gunzTarPerm modified mode [ 'node_modules/jasmine-node/node_modules/jasmine-reporters/test/JUnitXmlReporterSpec.js',
227 silly gunzTarPerm   436,
227 silly gunzTarPerm   420 ]
228 silly gunzTarPerm extractEntry node_modules/jasmine-node/node_modules/jasmine-reporters/test/console_reporter.html
229 silly gunzTarPerm modified mode [ 'node_modules/jasmine-node/node_modules/jasmine-reporters/test/console_reporter.html',
229 silly gunzTarPerm   436,
229 silly gunzTarPerm   420 ]
230 silly gunzTarPerm extractEntry node_modules/jasmine-node/node_modules/jasmine-reporters/test/envjs.bootstrap.js
231 silly gunzTarPerm modified mode [ 'node_modules/jasmine-node/node_modules/jasmine-reporters/test/envjs.bootstrap.js',
231 silly gunzTarPerm   436,
231 silly gunzTarPerm   420 ]
232 silly gunzTarPerm extractEntry node_modules/jasmine-node/node_modules/jasmine-reporters/test/envjs.runner.sh
233 silly gunzTarPerm modified mode [ 'node_modules/jasmine-node/node_modules/jasmine-reporters/test/envjs.runner.sh',
233 silly gunzTarPerm   509,
233 silly gunzTarPerm   493 ]
234 silly gunzTarPerm extractEntry node_modules/jasmine-node/node_modules/jasmine-reporters/test/junit_xml_reporter.html
235 silly gunzTarPerm modified mode [ 'node_modules/jasmine-node/node_modules/jasmine-reporters/test/junit_xml_reporter.html',
235 silly gunzTarPerm   436,
235 silly gunzTarPerm   420 ]
236 silly gunzTarPerm extractEntry node_modules/jasmine-node/node_modules/jasmine-reporters/test/phantomjs-testrunner.js
237 silly gunzTarPerm modified mode [ 'node_modules/jasmine-node/node_modules/jasmine-reporters/test/phantomjs-testrunner.js',
237 silly gunzTarPerm   436,
237 silly gunzTarPerm   420 ]
238 silly gunzTarPerm extractEntry node_modules/jasmine-node/node_modules/jasmine-reporters/test/phantomjs.runner.sh
239 silly gunzTarPerm modified mode [ 'node_modules/jasmine-node/node_modules/jasmine-reporters/test/phantomjs.runner.sh',
239 silly gunzTarPerm   509,
239 silly gunzTarPerm   493 ]
240 silly gunzTarPerm extractEntry node_modules/jasmine-node/node_modules/jasmine-reporters/test/teamcity_reporter.html
241 silly gunzTarPerm modified mode [ 'node_modules/jasmine-node/node_modules/jasmine-reporters/test/teamcity_reporter.html',
241 silly gunzTarPerm   436,
241 silly gunzTarPerm   420 ]
242 silly gunzTarPerm extractEntry node_modules/jasmine-node/node_modules/requirejs/
243 silly gunzTarPerm modified mode [ 'node_modules/jasmine-node/node_modules/requirejs/', 509, 493 ]
244 silly gunzTarPerm extractEntry node_modules/jasmine-node/node_modules/requirejs/README.md
245 silly gunzTarPerm modified mode [ 'node_modules/jasmine-node/node_modules/requirejs/README.md',
245 silly gunzTarPerm   436,
245 silly gunzTarPerm   420 ]
246 silly gunzTarPerm extractEntry node_modules/jasmine-node/node_modules/requirejs/bin/
247 silly gunzTarPerm modified mode [ 'node_modules/jasmine-node/node_modules/requirejs/bin/',
247 silly gunzTarPerm   509,
247 silly gunzTarPerm   493 ]
248 silly gunzTarPerm extractEntry node_modules/jasmine-node/node_modules/requirejs/bin/r.js
249 silly gunzTarPerm modified mode [ 'node_modules/jasmine-node/node_modules/requirejs/bin/r.js',
249 silly gunzTarPerm   509,
249 silly gunzTarPerm   493 ]
250 silly gunzTarPerm extractEntry node_modules/jasmine-node/node_modules/requirejs/package.json
251 silly gunzTarPerm modified mode [ 'node_modules/jasmine-node/node_modules/requirejs/package.json',
251 silly gunzTarPerm   436,
251 silly gunzTarPerm   420 ]
252 silly gunzTarPerm extractEntry node_modules/jasmine-node/node_modules/requirejs/require.js
253 silly gunzTarPerm modified mode [ 'node_modules/jasmine-node/node_modules/requirejs/require.js',
253 silly gunzTarPerm   436,
253 silly gunzTarPerm   420 ]
254 silly gunzTarPerm extractEntry node_modules/jasmine-node/node_modules/underscore/
255 silly gunzTarPerm modified mode [ 'node_modules/jasmine-node/node_modules/underscore/',
255 silly gunzTarPerm   509,
255 silly gunzTarPerm   493 ]
256 silly gunzTarPerm extractEntry node_modules/jasmine-node/node_modules/underscore/.npmignore
257 silly gunzTarPerm modified mode [ 'node_modules/jasmine-node/node_modules/underscore/.npmignore',
257 silly gunzTarPerm   436,
257 silly gunzTarPerm   420 ]
258 silly gunzTarPerm extractEntry node_modules/jasmine-node/node_modules/underscore/CNAME
259 silly gunzTarPerm modified mode [ 'node_modules/jasmine-node/node_modules/underscore/CNAME',
259 silly gunzTarPerm   436,
259 silly gunzTarPerm   420 ]
260 silly gunzTarPerm extractEntry node_modules/jasmine-node/node_modules/underscore/CONTRIBUTING.md
261 silly gunzTarPerm modified mode [ 'node_modules/jasmine-node/node_modules/underscore/CONTRIBUTING.md',
261 silly gunzTarPerm   436,
261 silly gunzTarPerm   420 ]
262 silly gunzTarPerm extractEntry node_modules/jasmine-node/node_modules/underscore/LICENSE
263 silly gunzTarPerm modified mode [ 'node_modules/jasmine-node/node_modules/underscore/LICENSE',
263 silly gunzTarPerm   436,
263 silly gunzTarPerm   420 ]
264 silly gunzTarPerm extractEntry node_modules/jasmine-node/node_modules/underscore/README.md
265 silly gunzTarPerm modified mode [ 'node_modules/jasmine-node/node_modules/underscore/README.md',
265 silly gunzTarPerm   436,
265 silly gunzTarPerm   420 ]
266 silly gunzTarPerm extractEntry node_modules/jasmine-node/node_modules/underscore/favicon.ico
267 silly gunzTarPerm modified mode [ 'node_modules/jasmine-node/node_modules/underscore/favicon.ico',
267 silly gunzTarPerm   436,
267 silly gunzTarPerm   420 ]
268 silly gunzTarPerm extractEntry node_modules/jasmine-node/node_modules/underscore/index.html
269 silly gunzTarPerm modified mode [ 'node_modules/jasmine-node/node_modules/underscore/index.html',
269 silly gunzTarPerm   436,
269 silly gunzTarPerm   420 ]
270 silly gunzTarPerm extractEntry node_modules/jasmine-node/node_modules/underscore/index.js
271 silly gunzTarPerm modified mode [ 'node_modules/jasmine-node/node_modules/underscore/index.js',
271 silly gunzTarPerm   436,
271 silly gunzTarPerm   420 ]
272 silly gunzTarPerm extractEntry node_modules/jasmine-node/node_modules/underscore/package.json
273 silly gunzTarPerm modified mode [ 'node_modules/jasmine-node/node_modules/underscore/package.json',
273 silly gunzTarPerm   436,
273 silly gunzTarPerm   420 ]
274 silly gunzTarPerm extractEntry node_modules/jasmine-node/node_modules/underscore/raw/
275 silly gunzTarPerm modified mode [ 'node_modules/jasmine-node/node_modules/underscore/raw/',
275 silly gunzTarPerm   509,
275 silly gunzTarPerm   493 ]
276 silly gunzTarPerm extractEntry node_modules/jasmine-node/node_modules/underscore/raw/underscore.psd
277 silly gunzTarPerm modified mode [ 'node_modules/jasmine-node/node_modules/underscore/raw/underscore.psd',
277 silly gunzTarPerm   436,
277 silly gunzTarPerm   420 ]
278 silly gunzTarPerm extractEntry node_modules/jasmine-node/node_modules/underscore/underscore-min.js
279 silly gunzTarPerm modified mode [ 'node_modules/jasmine-node/node_modules/underscore/underscore-min.js',
279 silly gunzTarPerm   436,
279 silly gunzTarPerm   420 ]
280 silly gunzTarPerm extractEntry node_modules/jasmine-node/node_modules/underscore/underscore.js
281 silly gunzTarPerm modified mode [ 'node_modules/jasmine-node/node_modules/underscore/underscore.js',
281 silly gunzTarPerm   436,
281 silly gunzTarPerm   420 ]
282 silly gunzTarPerm extractEntry node_modules/jasmine-node/node_modules/walkdir/
283 silly gunzTarPerm modified mode [ 'node_modules/jasmine-node/node_modules/walkdir/', 509, 493 ]
284 silly gunzTarPerm extractEntry node_modules/jasmine-node/node_modules/walkdir/.jshintignore
285 silly gunzTarPerm modified mode [ 'node_modules/jasmine-node/node_modules/walkdir/.jshintignore',
285 silly gunzTarPerm   436,
285 silly gunzTarPerm   420 ]
286 silly gunzTarPerm extractEntry node_modules/jasmine-node/node_modules/walkdir/.npmignore
287 silly gunzTarPerm modified mode [ 'node_modules/jasmine-node/node_modules/walkdir/.npmignore',
287 silly gunzTarPerm   436,
287 silly gunzTarPerm   420 ]
288 silly gunzTarPerm extractEntry node_modules/jasmine-node/node_modules/walkdir/.travis.yml
289 silly gunzTarPerm modified mode [ 'node_modules/jasmine-node/node_modules/walkdir/.travis.yml',
289 silly gunzTarPerm   436,
289 silly gunzTarPerm   420 ]
290 silly gunzTarPerm extractEntry node_modules/jasmine-node/node_modules/walkdir/license
291 silly gunzTarPerm modified mode [ 'node_modules/jasmine-node/node_modules/walkdir/license',
291 silly gunzTarPerm   436,
291 silly gunzTarPerm   420 ]
292 silly gunzTarPerm extractEntry node_modules/jasmine-node/node_modules/walkdir/package.json
293 silly gunzTarPerm modified mode [ 'node_modules/jasmine-node/node_modules/walkdir/package.json',
293 silly gunzTarPerm   436,
293 silly gunzTarPerm   420 ]
294 silly gunzTarPerm extractEntry node_modules/jasmine-node/node_modules/walkdir/readme.md
295 silly gunzTarPerm modified mode [ 'node_modules/jasmine-node/node_modules/walkdir/readme.md',
295 silly gunzTarPerm   436,
295 silly gunzTarPerm   420 ]
296 silly gunzTarPerm extractEntry node_modules/jasmine-node/node_modules/walkdir/test.sh
297 silly gunzTarPerm modified mode [ 'node_modules/jasmine-node/node_modules/walkdir/test.sh',
297 silly gunzTarPerm   509,
297 silly gunzTarPerm   493 ]
298 silly gunzTarPerm extractEntry node_modules/jasmine-node/node_modules/walkdir/test/
299 silly gunzTarPerm modified mode [ 'node_modules/jasmine-node/node_modules/walkdir/test/',
299 silly gunzTarPerm   509,
299 silly gunzTarPerm   493 ]
300 silly gunzTarPerm extractEntry node_modules/jasmine-node/node_modules/walkdir/test/async.js
301 silly gunzTarPerm modified mode [ 'node_modules/jasmine-node/node_modules/walkdir/test/async.js',
301 silly gunzTarPerm   436,
301 silly gunzTarPerm   420 ]
302 silly gunzTarPerm extractEntry node_modules/jasmine-node/node_modules/walkdir/test/comparison/
303 silly gunzTarPerm modified mode [ 'node_modules/jasmine-node/node_modules/walkdir/test/comparison/',
303 silly gunzTarPerm   509,
303 silly gunzTarPerm   493 ]
304 silly gunzTarPerm extractEntry node_modules/jasmine-node/node_modules/walkdir/test/comparison/find.js
305 silly gunzTarPerm modified mode [ 'node_modules/jasmine-node/node_modules/walkdir/test/comparison/find.js',
305 silly gunzTarPerm   436,
305 silly gunzTarPerm   420 ]
306 silly gunzTarPerm extractEntry node_modules/jasmine-node/node_modules/walkdir/test/comparison/find.py
307 silly gunzTarPerm modified mode [ 'node_modules/jasmine-node/node_modules/walkdir/test/comparison/find.py',
307 silly gunzTarPerm   436,
307 silly gunzTarPerm   420 ]
308 silly gunzTarPerm extractEntry node_modules/jasmine-node/node_modules/walkdir/test/comparison/finditsynctest.js
309 silly gunzTarPerm modified mode [ 'node_modules/jasmine-node/node_modules/walkdir/test/comparison/finditsynctest.js',
309 silly gunzTarPerm   436,
309 silly gunzTarPerm   420 ]
310 silly gunzTarPerm extractEntry node_modules/jasmine-node/node_modules/walkdir/test/comparison/findittest.js
311 silly gunzTarPerm modified mode [ 'node_modules/jasmine-node/node_modules/walkdir/test/comparison/findittest.js',
311 silly gunzTarPerm   436,
311 silly gunzTarPerm   420 ]
312 silly gunzTarPerm extractEntry node_modules/jasmine-node/node_modules/walkdir/test/comparison/fstream.js
313 silly gunzTarPerm modified mode [ 'node_modules/jasmine-node/node_modules/walkdir/test/comparison/fstream.js',
313 silly gunzTarPerm   436,
313 silly gunzTarPerm   420 ]
314 silly gunzTarPerm extractEntry node_modules/jasmine-node/node_modules/walkdir/test/comparison/install_test_deps.sh
315 silly gunzTarPerm modified mode [ 'node_modules/jasmine-node/node_modules/walkdir/test/comparison/install_test_deps.sh',
315 silly gunzTarPerm   509,
315 silly gunzTarPerm   493 ]
316 silly gunzTarPerm extractEntry node_modules/jasmine-node/node_modules/walkdir/test/comparison/lsr.js
317 silly gunzTarPerm modified mode [ 'node_modules/jasmine-node/node_modules/walkdir/test/comparison/lsr.js',
317 silly gunzTarPerm   436,
317 silly gunzTarPerm   420 ]
318 silly gunzTarPerm extractEntry node_modules/jasmine-node/node_modules/walkdir/test/comparison/package.json
319 silly gunzTarPerm modified mode [ 'node_modules/jasmine-node/node_modules/walkdir/test/comparison/package.json',
319 silly gunzTarPerm   436,
319 silly gunzTarPerm   420 ]
320 silly gunzTarPerm extractEntry node_modules/jasmine-node/node_modules/walkdir/test/dir/
321 silly gunzTarPerm modified mode [ 'node_modules/jasmine-node/node_modules/walkdir/test/dir/',
321 silly gunzTarPerm   509,
321 silly gunzTarPerm   493 ]
322 silly gunzTarPerm extractEntry node_modules/jasmine-node/node_modules/walkdir/test/dir/foo/
323 silly gunzTarPerm modified mode [ 'node_modules/jasmine-node/node_modules/walkdir/test/dir/foo/',
323 silly gunzTarPerm   509,
323 silly gunzTarPerm   493 ]
324 silly gunzTarPerm extractEntry node_modules/jasmine-node/node_modules/walkdir/test/dir/foo/a/
325 silly gunzTarPerm modified mode [ 'node_modules/jasmine-node/node_modules/walkdir/test/dir/foo/a/',
325 silly gunzTarPerm   509,
325 silly gunzTarPerm   493 ]
326 silly gunzTarPerm extractEntry node_modules/jasmine-node/node_modules/walkdir/test/dir/foo/a/b/
327 silly gunzTarPerm modified mode [ 'node_modules/jasmine-node/node_modules/walkdir/test/dir/foo/a/b/',
327 silly gunzTarPerm   509,
327 silly gunzTarPerm   493 ]
328 silly gunzTarPerm extractEntry node_modules/jasmine-node/node_modules/walkdir/test/dir/foo/a/b/c/
329 silly gunzTarPerm modified mode [ 'node_modules/jasmine-node/node_modules/walkdir/test/dir/foo/a/b/c/',
329 silly gunzTarPerm   509,
329 silly gunzTarPerm   493 ]
330 silly gunzTarPerm extractEntry node_modules/jasmine-node/node_modules/walkdir/test/dir/foo/a/b/c/w
331 silly gunzTarPerm modified mode [ 'node_modules/jasmine-node/node_modules/walkdir/test/dir/foo/a/b/c/w',
331 silly gunzTarPerm   436,
331 silly gunzTarPerm   420 ]
332 silly gunzTarPerm extractEntry node_modules/jasmine-node/node_modules/walkdir/test/dir/foo/a/b/z
333 silly gunzTarPerm modified mode [ 'node_modules/jasmine-node/node_modules/walkdir/test/dir/foo/a/b/z',
333 silly gunzTarPerm   436,
333 silly gunzTarPerm   420 ]
334 silly gunzTarPerm extractEntry node_modules/jasmine-node/node_modules/walkdir/test/dir/foo/a/y
335 silly gunzTarPerm modified mode [ 'node_modules/jasmine-node/node_modules/walkdir/test/dir/foo/a/y',
335 silly gunzTarPerm   436,
335 silly gunzTarPerm   420 ]
336 silly gunzTarPerm extractEntry node_modules/jasmine-node/node_modules/walkdir/test/dir/foo/x
337 silly gunzTarPerm modified mode [ 'node_modules/jasmine-node/node_modules/walkdir/test/dir/foo/x',
337 silly gunzTarPerm   436,
337 silly gunzTarPerm   420 ]
338 silly gunzTarPerm extractEntry node_modules/jasmine-node/node_modules/walkdir/test/dir/symlinks/
339 silly gunzTarPerm modified mode [ 'node_modules/jasmine-node/node_modules/walkdir/test/dir/symlinks/',
339 silly gunzTarPerm   509,
339 silly gunzTarPerm   493 ]
340 silly gunzTarPerm extractEntry node_modules/jasmine-node/node_modules/walkdir/test/dir/symlinks/dir1/
341 silly gunzTarPerm modified mode [ 'node_modules/jasmine-node/node_modules/walkdir/test/dir/symlinks/dir1/',
341 silly gunzTarPerm   509,
341 silly gunzTarPerm   493 ]
342 silly gunzTarPerm extractEntry node_modules/jasmine-node/node_modules/walkdir/test/dir/symlinks/dir1/file1
343 silly gunzTarPerm modified mode [ 'node_modules/jasmine-node/node_modules/walkdir/test/dir/symlinks/dir1/file1',
343 silly gunzTarPerm   436,
343 silly gunzTarPerm   420 ]
344 silly gunzTarPerm extractEntry node_modules/jasmine-node/node_modules/walkdir/test/dir/symlinks/dir2/
345 silly gunzTarPerm modified mode [ 'node_modules/jasmine-node/node_modules/walkdir/test/dir/symlinks/dir2/',
345 silly gunzTarPerm   509,
345 silly gunzTarPerm   493 ]
346 silly gunzTarPerm extractEntry node_modules/jasmine-node/node_modules/walkdir/test/dir/symlinks/dir2/file2
347 silly gunzTarPerm modified mode [ 'node_modules/jasmine-node/node_modules/walkdir/test/dir/symlinks/dir2/file2',
347 silly gunzTarPerm   436,
347 silly gunzTarPerm   420 ]
348 silly gunzTarPerm extractEntry node_modules/jasmine-node/node_modules/walkdir/test/dir/symlinks/file
349 silly gunzTarPerm modified mode [ 'node_modules/jasmine-node/node_modules/walkdir/test/dir/symlinks/file',
349 silly gunzTarPerm   436,
349 silly gunzTarPerm   420 ]
350 silly gunzTarPerm extractEntry node_modules/jasmine-node/node_modules/walkdir/test/endearly.js
351 silly gunzTarPerm modified mode [ 'node_modules/jasmine-node/node_modules/walkdir/test/endearly.js',
351 silly gunzTarPerm   436,
351 silly gunzTarPerm   420 ]
352 silly gunzTarPerm extractEntry node_modules/jasmine-node/node_modules/walkdir/test/max_depth.js
353 silly gunzTarPerm modified mode [ 'node_modules/jasmine-node/node_modules/walkdir/test/max_depth.js',
353 silly gunzTarPerm   436,
353 silly gunzTarPerm   420 ]
354 silly gunzTarPerm extractEntry node_modules/jasmine-node/node_modules/walkdir/test/no_recurse.js
355 silly gunzTarPerm modified mode [ 'node_modules/jasmine-node/node_modules/walkdir/test/no_recurse.js',
355 silly gunzTarPerm   436,
355 silly gunzTarPerm   420 ]
356 silly gunzTarPerm extractEntry node_modules/jasmine-node/node_modules/walkdir/test/nofailemptydir.js
357 silly gunzTarPerm modified mode [ 'node_modules/jasmine-node/node_modules/walkdir/test/nofailemptydir.js',
357 silly gunzTarPerm   436,
357 silly gunzTarPerm   420 ]
358 silly gunzTarPerm extractEntry node_modules/jasmine-node/node_modules/walkdir/test/pauseresume.js
359 silly gunzTarPerm modified mode [ 'node_modules/jasmine-node/node_modules/walkdir/test/pauseresume.js',
359 silly gunzTarPerm   436,
359 silly gunzTarPerm   420 ]
360 silly gunzTarPerm extractEntry node_modules/jasmine-node/node_modules/walkdir/test/symlink.js
361 silly gunzTarPerm modified mode [ 'node_modules/jasmine-node/node_modules/walkdir/test/symlink.js',
361 silly gunzTarPerm   436,
361 silly gunzTarPerm   420 ]
362 silly gunzTarPerm extractEntry node_modules/jasmine-node/node_modules/walkdir/test/sync.js
363 silly gunzTarPerm modified mode [ 'node_modules/jasmine-node/node_modules/walkdir/test/sync.js',
363 silly gunzTarPerm   436,
363 silly gunzTarPerm   420 ]
364 silly gunzTarPerm extractEntry node_modules/jasmine-node/node_modules/walkdir/walkdir.js
365 silly gunzTarPerm modified mode [ 'node_modules/jasmine-node/node_modules/walkdir/walkdir.js',
365 silly gunzTarPerm   436,
365 silly gunzTarPerm   420 ]
366 silly gunzTarPerm extractEntry node_modules/jasmine-node/package.json
367 silly gunzTarPerm modified mode [ 'node_modules/jasmine-node/package.json', 509, 493 ]
368 silly gunzTarPerm extractEntry node_modules/jasmine-node/scripts/
369 silly gunzTarPerm modified mode [ 'node_modules/jasmine-node/scripts/', 509, 493 ]
370 silly gunzTarPerm extractEntry node_modules/jasmine-node/scripts/specs
371 silly gunzTarPerm modified mode [ 'node_modules/jasmine-node/scripts/specs', 509, 493 ]
372 silly gunzTarPerm extractEntry node_modules/jasmine-node/spec-requirejs/
373 silly gunzTarPerm modified mode [ 'node_modules/jasmine-node/spec-requirejs/', 509, 493 ]
374 silly gunzTarPerm extractEntry node_modules/jasmine-node/spec-requirejs/requirejs.spec.js
375 silly gunzTarPerm modified mode [ 'node_modules/jasmine-node/spec-requirejs/requirejs.spec.js',
375 silly gunzTarPerm   436,
375 silly gunzTarPerm   420 ]
376 silly gunzTarPerm extractEntry node_modules/jasmine-node/spec-requirejs/requirejs.sut.js
377 silly gunzTarPerm modified mode [ 'node_modules/jasmine-node/spec-requirejs/requirejs.sut.js',
377 silly gunzTarPerm   436,
377 silly gunzTarPerm   420 ]
378 silly gunzTarPerm extractEntry node_modules/jasmine-node/spec/
379 silly gunzTarPerm modified mode [ 'node_modules/jasmine-node/spec/', 509, 493 ]
380 silly gunzTarPerm extractEntry node_modules/jasmine-node/spec/AsyncSpec.coffee
381 silly gunzTarPerm modified mode [ 'node_modules/jasmine-node/spec/AsyncSpec.coffee', 436, 420 ]
382 silly gunzTarPerm extractEntry node_modules/jasmine-node/spec/CoffeeSpec.coffee
383 silly gunzTarPerm modified mode [ 'node_modules/jasmine-node/spec/CoffeeSpec.coffee', 509, 493 ]
384 silly gunzTarPerm extractEntry node_modules/jasmine-node/spec/GrammarHelper.coffee
385 silly gunzTarPerm modified mode [ 'node_modules/jasmine-node/spec/GrammarHelper.coffee',
385 silly gunzTarPerm   436,
385 silly gunzTarPerm   420 ]
386 silly gunzTarPerm extractEntry node_modules/jasmine-node/spec/HelperSpec.coffee
387 silly gunzTarPerm modified mode [ 'node_modules/jasmine-node/spec/HelperSpec.coffee', 436, 420 ]
388 silly gunzTarPerm extractEntry node_modules/jasmine-node/spec/SampleSpecs.js
389 silly gunzTarPerm modified mode [ 'node_modules/jasmine-node/spec/SampleSpecs.js', 509, 493 ]
390 silly gunzTarPerm extractEntry node_modules/jasmine-node/spec/TestSpec.js
391 silly gunzTarPerm modified mode [ 'node_modules/jasmine-node/spec/TestSpec.js', 509, 493 ]
392 silly gunzTarPerm extractEntry node_modules/jasmine-node/spec/async-callback_spec.js
393 silly gunzTarPerm modified mode [ 'node_modules/jasmine-node/spec/async-callback_spec.js',
393 silly gunzTarPerm   436,
393 silly gunzTarPerm   420 ]
394 silly gunzTarPerm extractEntry node_modules/jasmine-node/spec/helper_spec.js
395 silly gunzTarPerm modified mode [ 'node_modules/jasmine-node/spec/helper_spec.js', 436, 420 ]
396 silly gunzTarPerm extractEntry node_modules/jasmine-node/spec/nested.js/
397 silly gunzTarPerm modified mode [ 'node_modules/jasmine-node/spec/nested.js/', 509, 493 ]
398 silly gunzTarPerm extractEntry node_modules/jasmine-node/spec/nested.js/NestedSpec.js
399 silly gunzTarPerm modified mode [ 'node_modules/jasmine-node/spec/nested.js/NestedSpec.js',
399 silly gunzTarPerm   436,
399 silly gunzTarPerm   420 ]
400 silly gunzTarPerm extractEntry node_modules/jasmine-node/spec/nested/
401 silly gunzTarPerm modified mode [ 'node_modules/jasmine-node/spec/nested/', 509, 493 ]
402 silly gunzTarPerm extractEntry node_modules/jasmine-node/spec/nested/NestedSpec.js
403 silly gunzTarPerm modified mode [ 'node_modules/jasmine-node/spec/nested/NestedSpec.js',
403 silly gunzTarPerm   509,
403 silly gunzTarPerm   493 ]
404 silly gunzTarPerm extractEntry node_modules/jasmine-node/spec/nested/uber-nested/
405 silly gunzTarPerm modified mode [ 'node_modules/jasmine-node/spec/nested/uber-nested/',
405 silly gunzTarPerm   509,
405 silly gunzTarPerm   493 ]
406 silly gunzTarPerm extractEntry node_modules/jasmine-node/spec/nested/uber-nested/UberNestedSpec.js
407 silly gunzTarPerm modified mode [ 'node_modules/jasmine-node/spec/nested/uber-nested/UberNestedSpec.js',
407 silly gunzTarPerm   509,
407 silly gunzTarPerm   493 ]
408 silly gunzTarPerm extractEntry node_modules/jasmine-node/spec/reporter_spec.js
409 silly gunzTarPerm modified mode [ 'node_modules/jasmine-node/spec/reporter_spec.js', 436, 420 ]
410 silly gunzTarPerm extractEntry node_modules/jasmine-node/spec/sample_helper.js
411 silly gunzTarPerm modified mode [ 'node_modules/jasmine-node/spec/sample_helper.js', 436, 420 ]
412 silly gunzTarPerm extractEntry node_modules/jasmine-node/specs.sh
413 silly gunzTarPerm modified mode [ 'node_modules/jasmine-node/specs.sh', 509, 493 ]
414 silly gunzTarPerm extractEntry node_modules/oauth/
415 silly gunzTarPerm modified mode [ 'node_modules/oauth/', 509, 493 ]
416 silly gunzTarPerm extractEntry node_modules/oauth/.npmignore
417 silly gunzTarPerm modified mode [ 'node_modules/oauth/.npmignore', 436, 420 ]
418 silly gunzTarPerm extractEntry node_modules/oauth/LICENSE
419 silly gunzTarPerm modified mode [ 'node_modules/oauth/LICENSE', 436, 420 ]
420 silly gunzTarPerm extractEntry node_modules/oauth/Makefile
421 silly gunzTarPerm modified mode [ 'node_modules/oauth/Makefile', 436, 420 ]
422 silly gunzTarPerm extractEntry node_modules/oauth/Readme.md
423 silly gunzTarPerm modified mode [ 'node_modules/oauth/Readme.md', 436, 420 ]
424 silly gunzTarPerm extractEntry node_modules/oauth/examples/
425 silly gunzTarPerm modified mode [ 'node_modules/oauth/examples/', 509, 493 ]
426 silly gunzTarPerm extractEntry node_modules/oauth/examples/express-gdata/
427 silly gunzTarPerm modified mode [ 'node_modules/oauth/examples/express-gdata/', 509, 493 ]
428 silly gunzTarPerm extractEntry node_modules/oauth/examples/express-gdata/server.js
429 silly gunzTarPerm modified mode [ 'node_modules/oauth/examples/express-gdata/server.js',
429 silly gunzTarPerm   436,
429 silly gunzTarPerm   420 ]
430 silly gunzTarPerm extractEntry node_modules/oauth/examples/express-gdata/views/
431 silly gunzTarPerm modified mode [ 'node_modules/oauth/examples/express-gdata/views/', 509, 493 ]
432 silly gunzTarPerm extractEntry node_modules/oauth/examples/express-gdata/views/google_calendars.ejs
433 silly gunzTarPerm modified mode [ 'node_modules/oauth/examples/express-gdata/views/google_calendars.ejs',
433 silly gunzTarPerm   436,
433 silly gunzTarPerm   420 ]
434 silly gunzTarPerm extractEntry node_modules/oauth/examples/express-gdata/views/google_contacts.ejs
435 silly gunzTarPerm modified mode [ 'node_modules/oauth/examples/express-gdata/views/google_contacts.ejs',
435 silly gunzTarPerm   436,
435 silly gunzTarPerm   420 ]
436 silly gunzTarPerm extractEntry node_modules/oauth/examples/express-gdata/views/layout.ejs
437 silly gunzTarPerm modified mode [ 'node_modules/oauth/examples/express-gdata/views/layout.ejs',
437 silly gunzTarPerm   436,
437 silly gunzTarPerm   420 ]
438 silly gunzTarPerm extractEntry node_modules/oauth/examples/term.ie.oauth-HMAC-SHA1.js
439 silly gunzTarPerm modified mode [ 'node_modules/oauth/examples/term.ie.oauth-HMAC-SHA1.js',
439 silly gunzTarPerm   436,
439 silly gunzTarPerm   420 ]
440 silly gunzTarPerm extractEntry node_modules/oauth/index.js
441 silly gunzTarPerm modified mode [ 'node_modules/oauth/index.js', 436, 420 ]
442 silly gunzTarPerm extractEntry node_modules/oauth/lib/
443 silly gunzTarPerm modified mode [ 'node_modules/oauth/lib/', 509, 493 ]
444 silly gunzTarPerm extractEntry node_modules/oauth/lib/_utils.js
445 silly gunzTarPerm modified mode [ 'node_modules/oauth/lib/_utils.js', 436, 420 ]
446 silly gunzTarPerm extractEntry node_modules/oauth/lib/oauth.js
447 silly gunzTarPerm modified mode [ 'node_modules/oauth/lib/oauth.js', 436, 420 ]
448 silly gunzTarPerm extractEntry node_modules/oauth/lib/oauth2.js
449 silly gunzTarPerm modified mode [ 'node_modules/oauth/lib/oauth2.js', 436, 420 ]
450 silly gunzTarPerm extractEntry node_modules/oauth/lib/sha1.js
451 silly gunzTarPerm modified mode [ 'node_modules/oauth/lib/sha1.js', 436, 420 ]
452 silly gunzTarPerm extractEntry node_modules/oauth/package.json
453 silly gunzTarPerm modified mode [ 'node_modules/oauth/package.json', 436, 420 ]
454 silly gunzTarPerm extractEntry node_modules/oauth/tests/
455 silly gunzTarPerm modified mode [ 'node_modules/oauth/tests/', 509, 493 ]
456 silly gunzTarPerm extractEntry node_modules/oauth/tests/oauth.js
457 silly gunzTarPerm modified mode [ 'node_modules/oauth/tests/oauth.js', 436, 420 ]
458 silly gunzTarPerm extractEntry node_modules/oauth/tests/oauth2.js
459 silly gunzTarPerm modified mode [ 'node_modules/oauth/tests/oauth2.js', 436, 420 ]
460 silly gunzTarPerm extractEntry node_modules/oauth/tests/sha1.js
461 silly gunzTarPerm modified mode [ 'node_modules/oauth/tests/sha1.js', 436, 420 ]
462 silly gunzTarPerm extractEntry node_modules/qs/
463 silly gunzTarPerm modified mode [ 'node_modules/qs/', 509, 493 ]
464 silly gunzTarPerm extractEntry node_modules/qs/.gitmodules
465 silly gunzTarPerm modified mode [ 'node_modules/qs/.gitmodules', 436, 420 ]
466 silly gunzTarPerm extractEntry node_modules/qs/.npmignore
467 silly gunzTarPerm modified mode [ 'node_modules/qs/.npmignore', 436, 420 ]
468 silly gunzTarPerm extractEntry node_modules/qs/.travis.yml
469 silly gunzTarPerm modified mode [ 'node_modules/qs/.travis.yml', 436, 420 ]
470 silly gunzTarPerm extractEntry node_modules/qs/History.md
471 silly gunzTarPerm modified mode [ 'node_modules/qs/History.md', 436, 420 ]
472 silly gunzTarPerm extractEntry node_modules/qs/Makefile
473 silly gunzTarPerm modified mode [ 'node_modules/qs/Makefile', 436, 420 ]
474 silly gunzTarPerm extractEntry node_modules/qs/Readme.md
475 silly gunzTarPerm modified mode [ 'node_modules/qs/Readme.md', 436, 420 ]
476 silly gunzTarPerm extractEntry node_modules/qs/benchmark.js
477 silly gunzTarPerm modified mode [ 'node_modules/qs/benchmark.js', 436, 420 ]
478 silly gunzTarPerm extractEntry node_modules/qs/component.json
479 silly gunzTarPerm modified mode [ 'node_modules/qs/component.json', 436, 420 ]
480 silly gunzTarPerm extractEntry node_modules/qs/examples.js
481 silly gunzTarPerm modified mode [ 'node_modules/qs/examples.js', 436, 420 ]
482 silly gunzTarPerm extractEntry node_modules/qs/index.js
483 silly gunzTarPerm modified mode [ 'node_modules/qs/index.js', 436, 420 ]
484 silly gunzTarPerm extractEntry node_modules/qs/package.json
485 silly gunzTarPerm modified mode [ 'node_modules/qs/package.json', 436, 420 ]
486 silly gunzTarPerm extractEntry node_modules/qs/test/
487 silly gunzTarPerm modified mode [ 'node_modules/qs/test/', 509, 493 ]
488 silly gunzTarPerm extractEntry node_modules/qs/test/browser/
489 silly gunzTarPerm modified mode [ 'node_modules/qs/test/browser/', 509, 493 ]
490 silly gunzTarPerm extractEntry node_modules/qs/test/browser/expect.js
491 silly gunzTarPerm modified mode [ 'node_modules/qs/test/browser/expect.js', 436, 420 ]
492 silly gunzTarPerm extractEntry node_modules/qs/test/browser/index.html
493 silly gunzTarPerm modified mode [ 'node_modules/qs/test/browser/index.html', 436, 420 ]
494 silly gunzTarPerm extractEntry node_modules/qs/test/browser/jquery.js
495 silly gunzTarPerm modified mode [ 'node_modules/qs/test/browser/jquery.js', 436, 420 ]
496 silly gunzTarPerm extractEntry node_modules/qs/test/browser/mocha.css
497 silly gunzTarPerm modified mode [ 'node_modules/qs/test/browser/mocha.css', 436, 420 ]
498 silly gunzTarPerm extractEntry node_modules/qs/test/browser/mocha.js
499 silly gunzTarPerm modified mode [ 'node_modules/qs/test/browser/mocha.js', 436, 420 ]
500 silly gunzTarPerm extractEntry node_modules/qs/test/browser/qs.css
501 silly gunzTarPerm modified mode [ 'node_modules/qs/test/browser/qs.css', 436, 420 ]
502 silly gunzTarPerm extractEntry node_modules/qs/test/browser/qs.js
503 silly gunzTarPerm modified mode [ 'node_modules/qs/test/browser/qs.js', 436, 420 ]
504 silly gunzTarPerm extractEntry node_modules/qs/test/parse.js
505 silly gunzTarPerm modified mode [ 'node_modules/qs/test/parse.js', 436, 420 ]
506 silly gunzTarPerm extractEntry node_modules/qs/test/stringify.js
507 silly gunzTarPerm modified mode [ 'node_modules/qs/test/stringify.js', 436, 420 ]
508 silly gunzTarPerm extractEntry package.json
509 silly gunzTarPerm modified mode [ 'package.json', 436, 420 ]
510 silly gunzTarPerm extractEntry test/
511 silly gunzTarPerm modified mode [ 'test/', 509, 493 ]
512 silly gunzTarPerm extractEntry test/spec/
513 silly gunzTarPerm modified mode [ 'test/spec/', 509, 493 ]
514 silly gunzTarPerm extractEntry test/spec/TwitterITSpec.js
515 silly gunzTarPerm modified mode [ 'test/spec/TwitterITSpec.js', 436, 420 ]
516 silly gunzTarPerm extractEntry test/spec/properties.json
517 silly gunzTarPerm modified mode [ 'test/spec/properties.json', 436, 420 ]
518 silly gunzTarPerm extractEntry twitter.txt
519 silly gunzTarPerm modified mode [ 'twitter.txt', 436, 420 ]
520 silly lockFile f58aaee2-0-130079900380224-tmp-tgz-unpack tar:///var/folders/00/1qr20000h01000cxqpysvccm006z08/T/npm-13869-ypLr0jVs/1429636640345-0.130079900380224/tmp.tgz-unpack
521 silly lockFile f58aaee2-0-130079900380224-tmp-tgz-unpack tar:///var/folders/00/1qr20000h01000cxqpysvccm006z08/T/npm-13869-ypLr0jVs/1429636640345-0.130079900380224/tmp.tgz-unpack
522 silly lockFile 38a16c04-640345-0-130079900380224-tmp-tgz tar:///var/folders/00/1qr20000h01000cxqpysvccm006z08/T/npm-13869-ypLr0jVs/1429636640345-0.130079900380224/tmp.tgz
523 silly lockFile 38a16c04-640345-0-130079900380224-tmp-tgz tar:///var/folders/00/1qr20000h01000cxqpysvccm006z08/T/npm-13869-ypLr0jVs/1429636640345-0.130079900380224/tmp.tgz
524 silly lockFile b841eca0--com-BoyCook-TwitterJSClient-git git://github.com/BoyCook/TwitterJSClient.git
525 silly lockFile b841eca0--com-BoyCook-TwitterJSClient-git git://github.com/BoyCook/TwitterJSClient.git
526 error 404 404 Not Found: gulp-ph-pages
526 error 404
526 error 404 'gulp-ph-pages' is not in the npm registry.
526 error 404 You should bug the author to publish it
526 error 404 It was specified as a dependency of 'TwitterAppSample1'
526 error 404
526 error 404 Note that you can also install from a
526 error 404 tarball, folder, or http url, or git url.
527 error System Darwin 13.4.0
528 error command "/Users/yukoga/.nodebrew/current/bin/node" "/Users/yukoga/.nodebrew/current/bin/npm" "install"
529 error cwd /Users/yukoga/Google Drive/workspace/heroku/twittersample1
530 error node -v v0.10.36
531 error npm -v 1.4.28
532 error code E404
533 verbose exit [ 1, true ]
